This is pdfTeX, Version 3.1415926-2.3-1.40.12 (TeX Live 2011) (format=pdflatex 2011.8.1)  26 SEP 2011 13:38
entering extended mode
 \write18 enabled.
 %&-line parsing enabled.
**RapportM2.tex
(./RapportM2.tex
LaTeX2e <2009/09/24>
Babel <v3.8l> and hyphenation patterns for english, dumylang, nohyphenation, ge
rman-x-2009-06-19, ngerman-x-2009-06-19, afrikaans, ancientgreek, ibycus, arabi
c, armenian, basque, bulgarian, catalan, pinyin, coptic, croatian, czech, danis
h, dutch, ukenglish, usenglishmax, esperanto, estonian, ethiopic, farsi, finnis
h, french, galician, german, ngerman, swissgerman, monogreek, greek, hungarian,
 icelandic, assamese, bengali, gujarati, hindi, kannada, malayalam, marathi, or
iya, panjabi, tamil, telugu, indonesian, interlingua, irish, italian, kurmanji,
 lao, latin, latvian, lithuanian, mongolian, mongolianlmc, bokmal, nynorsk, pol
ish, portuguese, romanian, russian, sanskrit, serbian, serbianc, slovak, sloven
ian, spanish, swedish, turkish, turkmen, ukrainian, uppersorbian, welsh, loaded
.
(/usr/local/texlive/2011/texmf-dist/tex/latex/base/report.cls
Document Class: report 2007/10/19 v1.4h Standard LaTeX document class
(/usr/local/texlive/2011/texmf-dist/tex/latex/base/size12.clo
File: size12.clo 2007/10/19 v1.4h Standard LaTeX file (size option)
)
\c@part=\count79
\c@chapter=\count80
\c@section=\count81
\c@subsection=\count82
\c@subsubsection=\count83
\c@paragraph=\count84
\c@subparagraph=\count85
\c@figure=\count86
\c@table=\count87
\abovecaptionskip=\skip41
\belowcaptionskip=\skip42
\bibindent=\dimen102
)
(/usr/local/texlive/2011/texmf-dist/tex/latex/psnfss/pifont.sty
Package: pifont 2005/04/12 PSNFSS-v9.2a Pi font support (SPQR) 
LaTeX Font Info:    Try loading font information for U+pzd on input line 63.

(/usr/local/texlive/2011/texmf-dist/tex/latex/psnfss/upzd.fd
File: upzd.fd 2001/06/04 font definitions for U/pzd.
)
LaTeX Font Info:    Try loading font information for U+psy on input line 64.

(/usr/local/texlive/2011/texmf-dist/tex/latex/psnfss/upsy.fd
File: upsy.fd 2001/06/04 font definitions for U/psy.
))
(/usr/local/texlive/2011/texmf-dist/tex/generic/babel/babel.sty
Package: babel 2008/07/06 v3.8l The Babel package

(/usr/local/texlive/2011/texmf-dist/tex/generic/babel/frenchb.ldf
Language: frenchb 2009/03/16 v2.3d French support from the babel system

(/usr/local/texlive/2011/texmf-dist/tex/generic/babel/babel.def
File: babel.def 2008/07/06 v3.8l Babel common definitions
\babel@savecnt=\count88
\U@D=\dimen103
)
Package babel Info: Making : an active character on input line 120.
Package babel Info: Making ; an active character on input line 121.
Package babel Info: Making ! an active character on input line 122.
Package babel Info: Making ? an active character on input line 123.
\FB@Mht=\dimen104
\std@mcc=\count89
\dec@mcc=\count90
\parindentFFN=\dimen105

*************************************
* Local config file frenchb.cfg used
*
(/usr/local/texlive/2011/texmf-dist/tex/generic/babel/frenchb.cfg)))
(/usr/local/texlive/2011/texmf-dist/tex/latex/carlisle/scalefnt.sty)
(/usr/local/texlive/2011/texmf-dist/tex/latex/graphics/keyval.sty
Package: keyval 1999/03/16 v1.13 key=value parser (DPC)
\KV@toks@=\toks14
)
(/usr/local/texlive/2011/texmf-dist/tex/latex/base/inputenc.sty
Package: inputenc 2008/03/30 v1.1d Input encoding file
\inpenc@prehook=\toks15
\inpenc@posthook=\toks16

(/usr/local/texlive/2011/texmf-dist/tex/latex/base/latin1.def
File: latin1.def 2008/03/30 v1.1d Input encoding file
))
(/usr/local/texlive/2011/texmf-dist/tex/latex/base/fontenc.sty
Package: fontenc 2005/09/27 v1.99g Standard LaTeX package

(/usr/local/texlive/2011/texmf-dist/tex/latex/base/t1enc.def
File: t1enc.def 2005/09/27 v1.99g Standard LaTeX file
LaTeX Font Info:    Redeclaring font encoding T1 on input line 43.
))
(/usr/local/texlive/2011/texmf-dist/tex/latex/pgf/frontendlayer/tikz.sty
(/usr/local/texlive/2011/texmf-dist/tex/latex/pgf/basiclayer/pgf.sty
(/usr/local/texlive/2011/texmf-dist/tex/latex/pgf/utilities/pgfrcs.sty
(/usr/local/texlive/2011/texmf-dist/tex/generic/pgf/utilities/pgfutil-common.te
x
\pgfutil@everybye=\toks17
)
(/usr/local/texlive/2011/texmf-dist/tex/generic/pgf/utilities/pgfutil-latex.def
\pgfutil@abb=\box26
(/usr/local/texlive/2011/texmf-dist/tex/latex/ms/everyshi.sty
Package: everyshi 2001/05/15 v3.00 EveryShipout Package (MS)
))
(/usr/local/texlive/2011/texmf-dist/tex/generic/pgf/utilities/pgfrcs.code.tex
Package: pgfrcs 2010/10/25 v2.10 (rcs-revision 1.24)
))
Package: pgf 2008/01/15 v2.10 (rcs-revision 1.12)
(/usr/local/texlive/2011/texmf-dist/tex/latex/pgf/basiclayer/pgfcore.sty
(/usr/local/texlive/2011/texmf-dist/tex/latex/graphics/graphicx.sty
Package: graphicx 1999/02/16 v1.0f Enhanced LaTeX Graphics (DPC,SPQR)

(/usr/local/texlive/2011/texmf-dist/tex/latex/graphics/graphics.sty
Package: graphics 2009/02/05 v1.0o Standard LaTeX Graphics (DPC,SPQR)

(/usr/local/texlive/2011/texmf-dist/tex/latex/graphics/trig.sty
Package: trig 1999/03/16 v1.09 sin cos tan (DPC)
)
(/usr/local/texlive/2011/texmf-dist/tex/latex/latexconfig/graphics.cfg
File: graphics.cfg 2010/04/23 v1.9 graphics configuration of TeX Live
)
Package graphics Info: Driver file: pdftex.def on input line 91.

(/usr/local/texlive/2011/texmf-dist/tex/latex/pdftex-def/pdftex.def
File: pdftex.def 2011/05/27 v0.06d Graphics/color for pdfTeX

(/usr/local/texlive/2011/texmf-dist/tex/generic/oberdiek/infwarerr.sty
Package: infwarerr 2010/04/08 v1.3 Providing info/warning/message (HO)
)
(/usr/local/texlive/2011/texmf-dist/tex/generic/oberdiek/ltxcmds.sty
Package: ltxcmds 2011/04/18 v1.20 LaTeX kernel commands for general use (HO)
)
\Gread@gobject=\count91
))
\Gin@req@height=\dimen106
\Gin@req@width=\dimen107
)
(/usr/local/texlive/2011/texmf-dist/tex/latex/pgf/systemlayer/pgfsys.sty
(/usr/local/texlive/2011/texmf-dist/tex/generic/pgf/systemlayer/pgfsys.code.tex
Package: pgfsys 2010/06/30 v2.10 (rcs-revision 1.37)
(/usr/local/texlive/2011/texmf-dist/tex/generic/pgf/utilities/pgfkeys.code.tex
\pgfkeys@pathtoks=\toks18
\pgfkeys@temptoks=\toks19

(/usr/local/texlive/2011/texmf-dist/tex/generic/pgf/utilities/pgfkeysfiltered.c
ode.tex
\pgfkeys@tmptoks=\toks20
))
\pgf@x=\dimen108
\pgf@y=\dimen109
\pgf@xa=\dimen110
\pgf@ya=\dimen111
\pgf@xb=\dimen112
\pgf@yb=\dimen113
\pgf@xc=\dimen114
\pgf@yc=\dimen115
\w@pgf@writea=\write3
\r@pgf@reada=\read1
\c@pgf@counta=\count92
\c@pgf@countb=\count93
\c@pgf@countc=\count94
\c@pgf@countd=\count95

(/usr/local/texlive/2011/texmf-dist/tex/generic/pgf/systemlayer/pgf.cfg
File: pgf.cfg 2008/05/14  (rcs-revision 1.7)
)
Package pgfsys Info: Driver file for pgf: pgfsys-pdftex.def on input line 900.

(/usr/local/texlive/2011/texmf-dist/tex/generic/pgf/systemlayer/pgfsys-pdftex.d
ef
File: pgfsys-pdftex.def 2009/05/22  (rcs-revision 1.26)

(/usr/local/texlive/2011/texmf-dist/tex/generic/pgf/systemlayer/pgfsys-common-p
df.def
File: pgfsys-common-pdf.def 2008/05/19  (rcs-revision 1.10)
)))
(/usr/local/texlive/2011/texmf-dist/tex/generic/pgf/systemlayer/pgfsyssoftpath.
code.tex
File: pgfsyssoftpath.code.tex 2008/07/18  (rcs-revision 1.7)
\pgfsyssoftpath@smallbuffer@items=\count96
\pgfsyssoftpath@bigbuffer@items=\count97
)
(/usr/local/texlive/2011/texmf-dist/tex/generic/pgf/systemlayer/pgfsysprotocol.
code.tex
File: pgfsysprotocol.code.tex 2006/10/16  (rcs-revision 1.4)
)) (/usr/local/texlive/2011/texmf-dist/tex/latex/xcolor/xcolor.sty
Package: xcolor 2007/01/21 v2.11 LaTeX color extensions (UK)

(/usr/local/texlive/2011/texmf-dist/tex/latex/latexconfig/color.cfg
File: color.cfg 2007/01/18 v1.5 color configuration of teTeX/TeXLive
)
Package xcolor Info: Driver file: pdftex.def on input line 225.
Package xcolor Info: Model `cmy' substituted by `cmy0' on input line 1337.
Package xcolor Info: Model `hsb' substituted by `rgb' on input line 1341.
Package xcolor Info: Model `RGB' extended on input line 1353.
Package xcolor Info: Model `HTML' substituted by `rgb' on input line 1355.
Package xcolor Info: Model `Hsb' substituted by `hsb' on input line 1356.
Package xcolor Info: Model `tHsb' substituted by `hsb' on input line 1357.
Package xcolor Info: Model `HSB' substituted by `hsb' on input line 1358.
Package xcolor Info: Model `Gray' substituted by `gray' on input line 1359.
Package xcolor Info: Model `wave' substituted by `hsb' on input line 1360.
)
(/usr/local/texlive/2011/texmf-dist/tex/generic/pgf/basiclayer/pgfcore.code.tex
Package: pgfcore 2010/04/11 v2.10 (rcs-revision 1.7)
(/usr/local/texlive/2011/texmf-dist/tex/generic/pgf/math/pgfmath.code.tex
(/usr/local/texlive/2011/texmf-dist/tex/generic/pgf/math/pgfmathcalc.code.tex
(/usr/local/texlive/2011/texmf-dist/tex/generic/pgf/math/pgfmathutil.code.tex)
(/usr/local/texlive/2011/texmf-dist/tex/generic/pgf/math/pgfmathparser.code.tex
\pgfmath@dimen=\dimen116
\pgfmath@count=\count98
\pgfmath@box=\box27
\pgfmath@toks=\toks21
\pgfmath@stack@operand=\toks22
\pgfmath@stack@operation=\toks23
)
(/usr/local/texlive/2011/texmf-dist/tex/generic/pgf/math/pgfmathfunctions.code.
tex
(/usr/local/texlive/2011/texmf-dist/tex/generic/pgf/math/pgfmathfunctions.basic
.code.tex)
(/usr/local/texlive/2011/texmf-dist/tex/generic/pgf/math/pgfmathfunctions.trigo
nometric.code.tex)
(/usr/local/texlive/2011/texmf-dist/tex/generic/pgf/math/pgfmathfunctions.rando
m.code.tex)
(/usr/local/texlive/2011/texmf-dist/tex/generic/pgf/math/pgfmathfunctions.compa
rison.code.tex)
(/usr/local/texlive/2011/texmf-dist/tex/generic/pgf/math/pgfmathfunctions.base.
code.tex)
(/usr/local/texlive/2011/texmf-dist/tex/generic/pgf/math/pgfmathfunctions.round
.code.tex)
(/usr/local/texlive/2011/texmf-dist/tex/generic/pgf/math/pgfmathfunctions.misc.
code.tex)))
(/usr/local/texlive/2011/texmf-dist/tex/generic/pgf/math/pgfmathfloat.code.tex
\c@pgfmathroundto@lastzeros=\count99
))
(/usr/local/texlive/2011/texmf-dist/tex/generic/pgf/basiclayer/pgfcorepoints.co
de.tex
File: pgfcorepoints.code.tex 2010/04/09  (rcs-revision 1.20)
\pgf@picminx=\dimen117
\pgf@picmaxx=\dimen118
\pgf@picminy=\dimen119
\pgf@picmaxy=\dimen120
\pgf@pathminx=\dimen121
\pgf@pathmaxx=\dimen122
\pgf@pathminy=\dimen123
\pgf@pathmaxy=\dimen124
\pgf@xx=\dimen125
\pgf@xy=\dimen126
\pgf@yx=\dimen127
\pgf@yy=\dimen128
\pgf@zx=\dimen129
\pgf@zy=\dimen130
)
(/usr/local/texlive/2011/texmf-dist/tex/generic/pgf/basiclayer/pgfcorepathconst
ruct.code.tex
File: pgfcorepathconstruct.code.tex 2010/08/03  (rcs-revision 1.24)
\pgf@path@lastx=\dimen131
\pgf@path@lasty=\dimen132
)
(/usr/local/texlive/2011/texmf-dist/tex/generic/pgf/basiclayer/pgfcorepathusage
.code.tex
File: pgfcorepathusage.code.tex 2008/04/22  (rcs-revision 1.12)
\pgf@shorten@end@additional=\dimen133
\pgf@shorten@start@additional=\dimen134
)
(/usr/local/texlive/2011/texmf-dist/tex/generic/pgf/basiclayer/pgfcorescopes.co
de.tex
File: pgfcorescopes.code.tex 2010/09/08  (rcs-revision 1.34)
\pgfpic=\box28
\pgf@hbox=\box29
\pgf@layerbox@main=\box30
\pgf@picture@serial@count=\count100
)
(/usr/local/texlive/2011/texmf-dist/tex/generic/pgf/basiclayer/pgfcoregraphicst
ate.code.tex
File: pgfcoregraphicstate.code.tex 2008/04/22  (rcs-revision 1.9)
\pgflinewidth=\dimen135
)
(/usr/local/texlive/2011/texmf-dist/tex/generic/pgf/basiclayer/pgfcoretransform
ations.code.tex
File: pgfcoretransformations.code.tex 2009/06/10  (rcs-revision 1.11)
\pgf@pt@x=\dimen136
\pgf@pt@y=\dimen137
\pgf@pt@temp=\dimen138
)
(/usr/local/texlive/2011/texmf-dist/tex/generic/pgf/basiclayer/pgfcorequick.cod
e.tex
File: pgfcorequick.code.tex 2008/10/09  (rcs-revision 1.3)
)
(/usr/local/texlive/2011/texmf-dist/tex/generic/pgf/basiclayer/pgfcoreobjects.c
ode.tex
File: pgfcoreobjects.code.tex 2006/10/11  (rcs-revision 1.2)
)
(/usr/local/texlive/2011/texmf-dist/tex/generic/pgf/basiclayer/pgfcorepathproce
ssing.code.tex
File: pgfcorepathprocessing.code.tex 2008/10/09  (rcs-revision 1.8)
)
(/usr/local/texlive/2011/texmf-dist/tex/generic/pgf/basiclayer/pgfcorearrows.co
de.tex
File: pgfcorearrows.code.tex 2008/04/23  (rcs-revision 1.11)
)
(/usr/local/texlive/2011/texmf-dist/tex/generic/pgf/basiclayer/pgfcoreshade.cod
e.tex
File: pgfcoreshade.code.tex 2008/11/23  (rcs-revision 1.13)
\pgf@max=\dimen139
\pgf@sys@shading@range@num=\count101
)
(/usr/local/texlive/2011/texmf-dist/tex/generic/pgf/basiclayer/pgfcoreimage.cod
e.tex
File: pgfcoreimage.code.tex 2010/03/25  (rcs-revision 1.16)

(/usr/local/texlive/2011/texmf-dist/tex/generic/pgf/basiclayer/pgfcoreexternal.
code.tex
File: pgfcoreexternal.code.tex 2010/09/01  (rcs-revision 1.17)
\pgfexternal@startupbox=\box31
))
(/usr/local/texlive/2011/texmf-dist/tex/generic/pgf/basiclayer/pgfcorelayers.co
de.tex
File: pgfcorelayers.code.tex 2010/08/27  (rcs-revision 1.2)
)
(/usr/local/texlive/2011/texmf-dist/tex/generic/pgf/basiclayer/pgfcoretranspare
ncy.code.tex
File: pgfcoretransparency.code.tex 2008/01/17  (rcs-revision 1.2)
)
(/usr/local/texlive/2011/texmf-dist/tex/generic/pgf/basiclayer/pgfcorepatterns.
code.tex
File: pgfcorepatterns.code.tex 2009/07/02  (rcs-revision 1.3)
)))
(/usr/local/texlive/2011/texmf-dist/tex/generic/pgf/modules/pgfmoduleshapes.cod
e.tex
File: pgfmoduleshapes.code.tex 2010/09/09  (rcs-revision 1.13)
\pgfnodeparttextbox=\box32
)
(/usr/local/texlive/2011/texmf-dist/tex/generic/pgf/modules/pgfmoduleplot.code.
tex
File: pgfmoduleplot.code.tex 2010/10/22  (rcs-revision 1.8)
)
(/usr/local/texlive/2011/texmf-dist/tex/latex/pgf/compatibility/pgfcomp-version
-0-65.sty
Package: pgfcomp-version-0-65 2007/07/03 v2.10 (rcs-revision 1.7)
\pgf@nodesepstart=\dimen140
\pgf@nodesepend=\dimen141
)
(/usr/local/texlive/2011/texmf-dist/tex/latex/pgf/compatibility/pgfcomp-version
-1-18.sty
Package: pgfcomp-version-1-18 2007/07/23 v2.10 (rcs-revision 1.1)
))
(/usr/local/texlive/2011/texmf-dist/tex/latex/pgf/utilities/pgffor.sty
(/usr/local/texlive/2011/texmf-dist/tex/latex/pgf/utilities/pgfkeys.sty
(/usr/local/texlive/2011/texmf-dist/tex/generic/pgf/utilities/pgfkeys.code.tex)
) (/usr/local/texlive/2011/texmf-dist/tex/generic/pgf/utilities/pgffor.code.tex
Package: pgffor 2010/03/23 v2.10 (rcs-revision 1.18)
\pgffor@iter=\dimen142
\pgffor@skip=\dimen143
\pgffor@stack=\toks24
\pgffor@toks=\toks25
))
(/usr/local/texlive/2011/texmf-dist/tex/generic/pgf/frontendlayer/tikz/tikz.cod
e.tex
Package: tikz 2010/10/13 v2.10 (rcs-revision 1.76)

(/usr/local/texlive/2011/texmf-dist/tex/generic/pgf/libraries/pgflibraryplothan
dlers.code.tex
File: pgflibraryplothandlers.code.tex 2010/05/31 v2.10 (rcs-revision 1.15)
\pgf@plot@mark@count=\count102
\pgfplotmarksize=\dimen144
)
\tikz@lastx=\dimen145
\tikz@lasty=\dimen146
\tikz@lastxsaved=\dimen147
\tikz@lastysaved=\dimen148
\tikzleveldistance=\dimen149
\tikzsiblingdistance=\dimen150
\tikz@figbox=\box33
\tikz@tempbox=\box34
\tikztreelevel=\count103
\tikznumberofchildren=\count104
\tikznumberofcurrentchild=\count105
\tikz@fig@count=\count106

(/usr/local/texlive/2011/texmf-dist/tex/generic/pgf/modules/pgfmodulematrix.cod
e.tex
File: pgfmodulematrix.code.tex 2010/08/24  (rcs-revision 1.4)
\pgfmatrixcurrentrow=\count107
\pgfmatrixcurrentcolumn=\count108
\pgf@matrix@numberofcolumns=\count109
)
\tikz@expandcount=\count110

(/usr/local/texlive/2011/texmf-dist/tex/generic/pgf/frontendlayer/tikz/librarie
s/tikzlibrarytopaths.code.tex
File: tikzlibrarytopaths.code.tex 2008/06/17 v2.10 (rcs-revision 1.2)
)))
(/usr/local/texlive/2011/texmf-dist/tex/latex/hyphenat/hyphenat.sty
Package: hyphenat 2009/09/02 v2.3c hyphenation utilities
\langwohyphens=\language75
LaTeX Info: Redefining \_ on input line 43.
)
(/usr/local/texlive/2011/texmf-dist/tex/latex/amsfonts/amssymb.sty
Package: amssymb 2009/06/22 v3.00

(/usr/local/texlive/2011/texmf-dist/tex/latex/amsfonts/amsfonts.sty
Package: amsfonts 2009/06/22 v3.00 Basic AMSFonts support
\@emptytoks=\toks26
\symAMSa=\mathgroup4
\symAMSb=\mathgroup5
LaTeX Font Info:    Overwriting math alphabet `\mathfrak' in version `bold'
(Font)                  U/euf/m/n --> U/euf/b/n on input line 96.
))
(/usr/local/texlive/2011/texmf-dist/tex/latex/base/textcomp.sty
Package: textcomp 2005/09/27 v1.99g Standard LaTeX package
Package textcomp Info: Sub-encoding information:
(textcomp)               5 = only ISO-Adobe without \textcurrency
(textcomp)               4 = 5 + \texteuro
(textcomp)               3 = 4 + \textohm
(textcomp)               2 = 3 + \textestimated + \textcurrency
(textcomp)               1 = TS1 - \textcircled - \t
(textcomp)               0 = TS1 (full)
(textcomp)             Font families with sub-encoding setting implement
(textcomp)             only a restricted character set as indicated.
(textcomp)             Family '?' is the default used for unknown fonts.
(textcomp)             See the documentation for details.
Package textcomp Info: Setting ? sub-encoding to TS1/1 on input line 71.

(/usr/local/texlive/2011/texmf-dist/tex/latex/base/ts1enc.def
File: ts1enc.def 2001/06/05 v3.0e (jk/car/fm) Standard LaTeX file
)
LaTeX Info: Redefining \oldstylenums on input line 266.
Package textcomp Info: Setting cmr sub-encoding to TS1/0 on input line 281.
Package textcomp Info: Setting cmss sub-encoding to TS1/0 on input line 282.
Package textcomp Info: Setting cmtt sub-encoding to TS1/0 on input line 283.
Package textcomp Info: Setting cmvtt sub-encoding to TS1/0 on input line 284.
Package textcomp Info: Setting cmbr sub-encoding to TS1/0 on input line 285.
Package textcomp Info: Setting cmtl sub-encoding to TS1/0 on input line 286.
Package textcomp Info: Setting ccr sub-encoding to TS1/0 on input line 287.
Package textcomp Info: Setting ptm sub-encoding to TS1/4 on input line 288.
Package textcomp Info: Setting pcr sub-encoding to TS1/4 on input line 289.
Package textcomp Info: Setting phv sub-encoding to TS1/4 on input line 290.
Package textcomp Info: Setting ppl sub-encoding to TS1/3 on input line 291.
Package textcomp Info: Setting pag sub-encoding to TS1/4 on input line 292.
Package textcomp Info: Setting pbk sub-encoding to TS1/4 on input line 293.
Package textcomp Info: Setting pnc sub-encoding to TS1/4 on input line 294.
Package textcomp Info: Setting pzc sub-encoding to TS1/4 on input line 295.
Package textcomp Info: Setting bch sub-encoding to TS1/4 on input line 296.
Package textcomp Info: Setting put sub-encoding to TS1/5 on input line 297.
Package textcomp Info: Setting uag sub-encoding to TS1/5 on input line 298.
Package textcomp Info: Setting ugq sub-encoding to TS1/5 on input line 299.
Package textcomp Info: Setting ul8 sub-encoding to TS1/4 on input line 300.
Package textcomp Info: Setting ul9 sub-encoding to TS1/4 on input line 301.
Package textcomp Info: Setting augie sub-encoding to TS1/5 on input line 302.
Package textcomp Info: Setting dayrom sub-encoding to TS1/3 on input line 303.
Package textcomp Info: Setting dayroms sub-encoding to TS1/3 on input line 304.

Package textcomp Info: Setting pxr sub-encoding to TS1/0 on input line 305.
Package textcomp Info: Setting pxss sub-encoding to TS1/0 on input line 306.
Package textcomp Info: Setting pxtt sub-encoding to TS1/0 on input line 307.
Package textcomp Info: Setting txr sub-encoding to TS1/0 on input line 308.
Package textcomp Info: Setting txss sub-encoding to TS1/0 on input line 309.
Package textcomp Info: Setting txtt sub-encoding to TS1/0 on input line 310.
Package textcomp Info: Setting futs sub-encoding to TS1/4 on input line 311.
Package textcomp Info: Setting futx sub-encoding to TS1/4 on input line 312.
Package textcomp Info: Setting futj sub-encoding to TS1/4 on input line 313.
Package textcomp Info: Setting hlh sub-encoding to TS1/3 on input line 314.
Package textcomp Info: Setting hls sub-encoding to TS1/3 on input line 315.
Package textcomp Info: Setting hlst sub-encoding to TS1/3 on input line 316.
Package textcomp Info: Setting hlct sub-encoding to TS1/5 on input line 317.
Package textcomp Info: Setting hlx sub-encoding to TS1/5 on input line 318.
Package textcomp Info: Setting hlce sub-encoding to TS1/5 on input line 319.
Package textcomp Info: Setting hlcn sub-encoding to TS1/5 on input line 320.
Package textcomp Info: Setting hlcw sub-encoding to TS1/5 on input line 321.
Package textcomp Info: Setting hlcf sub-encoding to TS1/5 on input line 322.
Package textcomp Info: Setting pplx sub-encoding to TS1/3 on input line 323.
Package textcomp Info: Setting pplj sub-encoding to TS1/3 on input line 324.
Package textcomp Info: Setting ptmx sub-encoding to TS1/4 on input line 325.
Package textcomp Info: Setting ptmj sub-encoding to TS1/4 on input line 326.
)
(/usr/local/texlive/2011/texmf-dist/tex/latex/geometry/geometry.sty
Package: geometry 2010/09/12 v5.6 Page Geometry

(/usr/local/texlive/2011/texmf-dist/tex/generic/oberdiek/ifpdf.sty
Package: ifpdf 2011/01/30 v2.3 Provides the ifpdf switch (HO)
Package ifpdf Info: pdfTeX in PDF mode is detected.
)
(/usr/local/texlive/2011/texmf-dist/tex/generic/oberdiek/ifvtex.sty
Package: ifvtex 2010/03/01 v1.5 Switches for detecting VTeX and its modes (HO)
Package ifvtex Info: VTeX not detected.
)
(/usr/local/texlive/2011/texmf-dist/tex/generic/ifxetex/ifxetex.sty
Package: ifxetex 2010/09/12 v0.6 Provides ifxetex conditional
)
\Gm@cnth=\count111
\Gm@cntv=\count112
\c@Gm@tempcnt=\count113
\Gm@bindingoffset=\dimen151
\Gm@wd@mp=\dimen152
\Gm@odd@mp=\dimen153
\Gm@even@mp=\dimen154
\Gm@layoutwidth=\dimen155
\Gm@layoutheight=\dimen156
\Gm@layouthoffset=\dimen157
\Gm@layoutvoffset=\dimen158
\Gm@dimlist=\toks27
)
(/usr/local/texlive/2011/texmf-dist/tex/latex/algorithms/algorithm.sty
Package: algorithm 2009/08/24 v0.1 Document Style `algorithm' - floating enviro
nment

(/usr/local/texlive/2011/texmf-dist/tex/latex/float/float.sty
Package: float 2001/11/08 v1.3d Float enhancements (AL)
\c@float@type=\count114
\float@exts=\toks28
\float@box=\box35
\@float@everytoks=\toks29
\@floatcapt=\box36
)
(/usr/local/texlive/2011/texmf-dist/tex/latex/base/ifthen.sty
Package: ifthen 2001/05/26 v1.1c Standard LaTeX ifthen package (DPC)
)
\@float@every@algorithm=\toks30
\c@algorithm=\count115
)
(/usr/local/texlive/2011/texmf-dist/tex/latex/algorithmicx/algpseudocode.sty
Package: algpseudocode 

(/usr/local/texlive/2011/texmf-dist/tex/latex/algorithmicx/algorithmicx.sty
Package: algorithmicx 2005/04/27 v1.2 Algorithmicx

Document Style algorithmicx 1.2 - a greatly improved `algorithmic' style
\c@ALG@line=\count116
\c@ALG@rem=\count117
\c@ALG@nested=\count118
\ALG@tlm=\skip43
\ALG@thistlm=\skip44
\c@ALG@Lnr=\count119
\c@ALG@blocknr=\count120
\c@ALG@storecount=\count121
\c@ALG@tmpcounter=\count122
\ALG@tmplength=\skip45
)
Document Style - pseudocode environments for use with the `algorithmicx' style
) (/usr/local/texlive/2011/texmf-dist/tex/latex/base/alltt.sty
Package: alltt 1997/06/16 v2.0g defines alltt environment
)
(/usr/local/texlive/2011/texmf-dist/tex/latex/lastpage/lastpage.sty
Package: lastpage 2011/02/01 v1.2g Refers to last page's name (HMM; JPG)
)
(/usr/local/texlive/2011/texmf-dist/tex/latex/tools/multicol.sty
Package: multicol 2008/12/05 v1.6h multicolumn formatting (FMi)
\c@tracingmulticols=\count123
\mult@box=\box37
\multicol@leftmargin=\dimen159
\c@unbalance=\count124
\c@collectmore=\count125
\doublecol@number=\count126
\multicoltolerance=\count127
\multicolpretolerance=\count128
\full@width=\dimen160
\page@free=\dimen161
\premulticols=\dimen162
\postmulticols=\dimen163
\multicolsep=\skip46
\multicolbaselineskip=\skip47
\partial@page=\box38
\last@line=\box39
\mult@rightbox=\box40
\mult@grightbox=\box41
\mult@gfirstbox=\box42
\mult@firstbox=\box43
\@tempa=\box44
\@tempa=\box45
\@tempa=\box46
\@tempa=\box47
\@tempa=\box48
\@tempa=\box49
\@tempa=\box50
\@tempa=\box51
\@tempa=\box52
\@tempa=\box53
\@tempa=\box54
\@tempa=\box55
\@tempa=\box56
\@tempa=\box57
\@tempa=\box58
\@tempa=\box59
\@tempa=\box60
\c@columnbadness=\count129
\c@finalcolumnbadness=\count130
\last@try=\dimen164
\multicolovershoot=\dimen165
\multicolundershoot=\dimen166
\mult@nat@firstbox=\box61
\colbreak@box=\box62
)
(/usr/local/texlive/2011/texmf-dist/tex/latex/moreverb/moreverb.sty
Package: moreverb 2008/06/03 v2.3a `more' verbatim facilities

(/usr/local/texlive/2011/texmf-dist/tex/latex/tools/verbatim.sty
Package: verbatim 2003/08/22 v1.5q LaTeX2e package for verbatim enhancements
\every@verbatim=\toks31
\verbatim@line=\toks32
\verbatim@in@stream=\read2
)
\tab@position=\count131
\tab@size=\count132
\listing@line=\count133
)
(/usr/local/texlive/2011/texmf-dist/tex/latex/paralist/paralist.sty
Package: paralist 2002/03/18 v2.3b Extended list environments (BS)
\pltopsep=\skip48
\plpartopsep=\skip49
\plitemsep=\skip50
\plparsep=\skip51
\pl@lab=\toks33
)
(/usr/local/texlive/2011/texmf-dist/tex/latex/tools/array.sty
Package: array 2008/09/09 v2.4c Tabular extension package (FMi)
\col@sep=\dimen167
\extrarowheight=\dimen168
\NC@list=\toks34
\extratabsurround=\skip52
\backup@length=\skip53
)
(/usr/local/texlive/2011/texmf-dist/tex/latex/tools/tabularx.sty
Package: tabularx 1999/01/07 v2.07 `tabularx' package (DPC)
\TX@col@width=\dimen169
\TX@old@table=\dimen170
\TX@old@col=\dimen171
\TX@target=\dimen172
\TX@delta=\dimen173
\TX@cols=\count134
\TX@ftn=\toks35
)
(/usr/local/texlive/2011/texmf-dist/tex/latex/parskip/parskip.sty
Package: parskip 2001/04/09 non-zero parskip adjustments
)
(/usr/local/texlive/2011/texmf-dist/tex/latex/fancyhdr/fancyhdr.sty
\fancy@headwidth=\skip54
\f@ncyO@elh=\skip55
\f@ncyO@erh=\skip56
\f@ncyO@olh=\skip57
\f@ncyO@orh=\skip58
\f@ncyO@elf=\skip59
\f@ncyO@erf=\skip60
\f@ncyO@olf=\skip61
\f@ncyO@orf=\skip62
)
(/usr/local/texlive/2011/texmf-dist/tex/latex/changepage/changepage.sty
Package: changepage 2009/10/20 v1.0c check page and change page layout
\c@cp@cntr=\count135
\cp@tempcnt=\count136
)
(/usr/local/texlive/2011/texmf-dist/tex/latex/minitoc/minitoc.sty
Package: minitoc 2008/07/16 v60 Package minitoc (JPFD)

(/usr/local/texlive/2011/texmf-dist/tex/latex/minitoc/mtcmess.sty
Package: mtcmess 2006/03/14
)
Package minitoc Info: I0001
(minitoc)             *** minitoc package, version 60 ***.
\tf@mtc=\write4
\mtcindent=\skip63
\mtcskipamount=\skip64
Package minitoc Info: I0005
(minitoc)             compatible with hyperref.
Package minitoc Info: I0023
(minitoc)             part level macros available.
Package minitoc Info: I0003
(minitoc)             chapter level macros available.
\mtc@toks=\toks36
\mtc@strutbox=\box63
\mtc@hstrutbox=\box64
Package minitoc Info: I0002
(minitoc)             Autoconfiguration of extensions.
\openout4 = `RapportM2.mtc0'.

\openout4 = `RapportM2.mtc'.


(./RapportM2.mtc0)
Package minitoc Info: I0012
(minitoc)             Long extensions (Unix-like) will be used.
Package minitoc Info: I0031
(minitoc)             ==> this version is configured for UNIX-like 
(minitoc)                 (long extensions) file names.
\openout4 = `RapportM2.mtc'.

\openout4 = `RapportM2.mtc0'.

\c@mtc=\count137
\c@minitocdepth=\count138
\c@ptc=\count139
\c@parttocdepth=\count140
\ptcindent=\skip65
Package minitoc Info: I0010
(minitoc)             The english language is selected.
(minitoc)              on input line 4910.

(/usr/local/texlive/2011/texmf-dist/tex/latex/minitoc/english.mld
File: english.mld 2006/01/13
)
(/usr/local/texlive/2011/texmf-dist/tex/latex/minitoc/english.mld
File: english.mld 2006/01/13
))
(/usr/local/texlive/2011/texmf-dist/tex/latex/appendix/appendix.sty
Package: appendix 2009/09/02 v1.2b extra appendix facilities
\c@@pps=\count141
\c@@ppsavesec=\count142
\c@@ppsaveapp=\count143
)
(/usr/local/texlive/2011/texmf-dist/tex/latex/hyperref/hyperref.sty
Package: hyperref 2011/04/17 v6.82g Hypertext links for LaTeX

(/usr/local/texlive/2011/texmf-dist/tex/generic/oberdiek/hobsub-hyperref.sty
Package: hobsub-hyperref 2011/04/23 v1.4 Bundle oberdiek, subset hyperref (HO)

(/usr/local/texlive/2011/texmf-dist/tex/generic/oberdiek/hobsub-generic.sty
Package: hobsub-generic 2011/04/23 v1.4 Bundle oberdiek, subset generic (HO)
Package: hobsub 2011/04/23 v1.4 Subsetting bundle oberdiek (HO)
Package hobsub Info: Skipping package `infwarerr' (already loaded).
Package hobsub Info: Skipping package `ltxcmds' (already loaded).
Package: ifluatex 2010/03/01 v1.3 Provides the ifluatex switch (HO)
Package ifluatex Info: LuaTeX not detected.
Package hobsub Info: Skipping package `ifvtex' (already loaded).
Package: intcalc 2007/09/27 v1.1 Expandable integer calculations (HO)
Package hobsub Info: Skipping package `ifpdf' (already loaded).
Package: etexcmds 2011/02/16 v1.5 Prefix for e-TeX command names (HO)
Package etexcmds Info: Could not find \expanded.
(etexcmds)             That can mean that you are not using pdfTeX 1.50 or
(etexcmds)             that some package has redefined \expanded.
(etexcmds)             In the latter case, load this package earlier.
Package: kvsetkeys 2011/04/07 v1.13 Key value parser (HO)
Package: kvdefinekeys 2011/04/07 v1.3 Defining keys (HO)
Package: pdftexcmds 2011/04/22 v0.16 Utilities of pdfTeX for LuaTeX (HO)
Package pdftexcmds Info: LuaTeX not detected.
Package pdftexcmds Info: \pdf@primitive is available.
Package pdftexcmds Info: \pdf@ifprimitive is available.
Package pdftexcmds Info: \pdfdraftmode found.
Package: pdfescape 2011/04/04 v1.12 Provides string conversions (HO)
Package: bigintcalc 2011/01/30 v1.2 Expandable big integer calculations (HO)
Package: bitset 2011/01/30 v1.1 Data type bit set (HO)
Package: uniquecounter 2011/01/30 v1.2 Provides unlimited unique counter (HO)
)
Package hobsub Info: Skipping package `hobsub' (already loaded).
Package: letltxmacro 2010/09/02 v1.4 Let assignment for LaTeX macros (HO)
Package: hopatch 2011/01/30 v1.0 Wrapper for package hooks (HO)
Package: xcolor-patch 2011/01/30 xcolor patch
Package: atveryend 2011/04/23 v1.7 Hooks at very end of document (HO)
Package atveryend Info: \enddocument detected (standard).
Package: atbegshi 2011/01/30 v1.15 At begin shipout hook (HO)
Package: refcount 2010/12/01 v3.2 Data extraction from references (HO)
Package: hycolor 2011/01/30 v1.7 Color options of hyperref/bookmark (HO)
)
(/usr/local/texlive/2011/texmf-dist/tex/latex/oberdiek/kvoptions.sty
Package: kvoptions 2010/12/23 v3.10 Keyval support for LaTeX options (HO)
)
\@linkdim=\dimen174
\Hy@linkcounter=\count144
\Hy@pagecounter=\count145

(/usr/local/texlive/2011/texmf-dist/tex/latex/hyperref/pd1enc.def
File: pd1enc.def 2011/04/17 v6.82g Hyperref: PDFDocEncoding definition (HO)
)
\Hy@SavedSpaceFactor=\count146

(/usr/local/texlive/2011/texmf-dist/tex/latex/latexconfig/hyperref.cfg
File: hyperref.cfg 2002/06/06 v1.2 hyperref configuration of TeXLive
)
Package hyperref Info: Hyper figures OFF on input line 4026.
Package hyperref Info: Link nesting OFF on input line 4031.
Package hyperref Info: Hyper index ON on input line 4034.
Package hyperref Info: Plain pages OFF on input line 4041.
Package hyperref Info: Backreferencing OFF on input line 4046.
Package hyperref Info: Implicit mode ON; LaTeX internals redefined.
Package hyperref Info: Bookmarks ON on input line 4264.
\c@Hy@tempcnt=\count147

(/usr/local/texlive/2011/texmf-dist/tex/latex/url/url.sty
\Urlmuskip=\muskip10
Package: url 2006/04/12  ver 3.3  Verb mode for urls, etc.
)
LaTeX Info: Redefining \url on input line 4617.
\Fld@menulength=\count148
\Field@Width=\dimen175
\Fld@charsize=\dimen176
Package hyperref Info: Hyper figures OFF on input line 5701.
Package hyperref Info: Link nesting OFF on input line 5706.
Package hyperref Info: Hyper index ON on input line 5709.
Package hyperref Info: backreferencing OFF on input line 5716.
Package hyperref Info: Link coloring OFF on input line 5721.
Package hyperref Info: Link coloring with OCG OFF on input line 5726.
Package hyperref Info: PDF/A mode OFF on input line 5731.
LaTeX Info: Redefining \ref on input line 5771.
LaTeX Info: Redefining \pageref on input line 5775.
\Hy@abspage=\count149
\c@Item=\count150
)

Package hyperref Message: Driver (autodetected): hpdftex.

(/usr/local/texlive/2011/texmf-dist/tex/latex/hyperref/hpdftex.def
File: hpdftex.def 2011/04/17 v6.82g Hyperref driver for pdfTeX
\Fld@listcount=\count151
\c@bookmark@seq@number=\count152

(/usr/local/texlive/2011/texmf-dist/tex/latex/oberdiek/rerunfilecheck.sty
Package: rerunfilecheck 2011/04/15 v1.7 Rerun checks for auxiliary files (HO)
Package uniquecounter Info: New unique counter `rerunfilecheck' on input line 2
82.
)
\Hy@SectionHShift=\skip66
)
(/usr/local/texlive/2011/texmf-dist/tex/latex/wasysym/wasysym.sty
Package: wasysym 2003/10/30 v2.0 Wasy-2 symbol support package
\symwasy=\mathgroup6
LaTeX Font Info:    Overwriting symbol font `wasy' in version `bold'
(Font)                  U/wasy/m/n --> U/wasy/b/n on input line 90.
)

Package hyperref Warning: Option `backref' has already been used,
(hyperref)                setting the option has no effect on input line 121.


Package hyperref Warning: Option `pagebackref' has already been used,
(hyperref)                setting the option has no effect on input line 121.


Package hyperref Warning: Option `hyperindex' has already been used,
(hyperref)                setting the option has no effect on input line 121.

Package hyperref Info: Option `colorlinks' set `true' on input line 121.
Package hyperref Info: Option `breaklinks' set `true' on input line 121.

Package hyperref Warning: Option `bookmarks' has already been used,
(hyperref)                setting the option has no effect on input line 121.

Package hyperref Info: Option `bookmarksopen' set `true' on input line 121.
(./RapportM2.aux (./Partie1/part1.aux) (./Partie2/part2.aux)
(./Partie3/part3.aux) (./Annexes/Appendices.aux))
\openout1 = `RapportM2.aux'.

LaTeX Font Info:    Checking defaults for OML/cmm/m/it on input line 131.
LaTeX Font Info:    ... okay on input line 131.
LaTeX Font Info:    Checking defaults for T1/cmr/m/n on input line 131.
LaTeX Font Info:    ... okay on input line 131.
LaTeX Font Info:    Checking defaults for OT1/cmr/m/n on input line 131.
LaTeX Font Info:    ... okay on input line 131.
LaTeX Font Info:    Checking defaults for OMS/cmsy/m/n on input line 131.
LaTeX Font Info:    ... okay on input line 131.
LaTeX Font Info:    Checking defaults for OMX/cmex/m/n on input line 131.
LaTeX Font Info:    ... okay on input line 131.
LaTeX Font Info:    Checking defaults for U/cmr/m/n on input line 131.
LaTeX Font Info:    ... okay on input line 131.
LaTeX Font Info:    Checking defaults for TS1/cmr/m/n on input line 131.
LaTeX Font Info:    Try loading font information for TS1+cmr on input line 131.


(/usr/local/texlive/2011/texmf-dist/tex/latex/base/ts1cmr.fd
File: ts1cmr.fd 1999/05/25 v2.5h Standard LaTeX font definitions
)
LaTeX Font Info:    ... okay on input line 131.
LaTeX Font Info:    Checking defaults for PD1/pdf/m/n on input line 131.
LaTeX Font Info:    ... okay on input line 131.
LaTeX Info: Redefining \degres on input line 131.
LaTeX Info: Redefining \dots on input line 131.
LaTeX Info: Redefining \up on input line 131.

ABD: EveryShipout initializing macros
(/usr/local/texlive/2011/texmf-dist/tex/context/base/supp-pdf.mkii
[Loading MPS to PDF converter (version 2006.09.02).]
\scratchcounter=\count153
\scratchdimen=\dimen177
\scratchbox=\box65
\nofMPsegments=\count154
\nofMParguments=\count155
\everyMPshowfont=\toks37
\MPscratchCnt=\count156
\MPscratchDim=\dimen178
\MPnumerator=\count157
\makeMPintoPDFobject=\count158
\everyMPtoPDFconversion=\toks38
) (/usr/local/texlive/2011/texmf-dist/tex/latex/oberdiek/epstopdf-base.sty
Package: epstopdf-base 2010/02/09 v2.5 Base part for package epstopdf

(/usr/local/texlive/2011/texmf-dist/tex/latex/oberdiek/grfext.sty
Package: grfext 2010/08/19 v1.1 Managing graphics extensions (HO)
)
Package grfext Info: Graphics extension search list:
(grfext)             [.png,.pdf,.jpg,.mps,.jpeg,.jbig2,.jb2,.PNG,.PDF,.JPG,.JPE
G,.JBIG2,.JB2,.eps]
(grfext)             \AppendGraphicsExtensions on input line 452.

(/usr/local/texlive/2011/texmf-dist/tex/latex/latexconfig/epstopdf-sys.cfg
File: epstopdf-sys.cfg 2010/07/13 v1.3 Configuration of (r)epstopdf for TeX Liv
e
))
*geometry* driver: auto-detecting
*geometry* detected driver: pdftex
*geometry* verbose mode - [ preamble ] result:
* driver: pdftex
* paper: a4paper
* layout: <same size as paper>
* layoutoffset:(h,v)=(0.0pt,0.0pt)
* modes: twoside 
* h-part:(L,W,R)=(85.35826pt, 455.24408pt, 56.90553pt)
* v-part:(T,H,B)=(99.58464pt, 644.05556pt, 101.40665pt)
* \paperwidth=597.50787pt
* \paperheight=845.04684pt
* \textwidth=455.24408pt
* \textheight=644.05556pt
* \oddsidemargin=13.08827pt
* \evensidemargin=-15.36446pt
* \topmargin=-9.68535pt
* \headheight=15.2pt
* \headsep=25.0pt
* \topskip=12.0pt
* \footskip=30.0pt
* \marginparwidth=95.0pt
* \marginparsep=10.0pt
* \columnsep=10.0pt
* \skip\footins=10.8pt plus 4.0pt minus 2.0pt
* \hoffset=0.0pt
* \voffset=0.0pt
* \mag=1000
* \@twocolumnfalse
* \@twosidetrue
* \@mparswitchtrue
* \@reversemarginfalse
* (1in=72.27pt=25.4mm, 1cm=28.453pt)

Package lastpage Info: Please have a look at the pagesLTS package at
(lastpage)             http://www.ctan.org/tex-archive/ 
(lastpage)             macros/latex/contrib/pagesLTS/ 
(lastpage)             or
(lastpage)             http://www.ctan.org/tex-archive/ 
(lastpage)             install/macros/latex/contrib/pagesLTS.tds.zip
(lastpage)             ! on input line 131.
Package minitoc(hints) Info: I0049
(minitoc(hints))             ==> You requested the hints option. 
(minitoc(hints))             Some hints are eventually given below.
Package minitoc(hints) Info: I0042
(minitoc(hints))             --- The appendix package is loaded. 
(minitoc(hints))             See the minitoc package documentation 
(minitoc(hints))             for specific precautions.

Package minitoc(hints) Warning: W0030
(minitoc(hints))                --- The \part command is altered 
(minitoc(hints))                after minitoc.


Package minitoc(hints) Warning: W0023
(minitoc(hints))                --- It may be the consequence 
(minitoc(hints))                of loading the ``hyperref'' package.


Package minitoc(hints) Warning: W0028
(minitoc(hints))                --- The \chapter command is altered 
(minitoc(hints))                after minitoc.


Package minitoc(hints) Warning: W0023
(minitoc(hints))                --- It may be the consequence 
(minitoc(hints))                of loading the ``hyperref'' package.

\AtBeginShipoutBox=\box66
Package hyperref Info: Link coloring ON on input line 131.
(/usr/local/texlive/2011/texmf-dist/tex/latex/hyperref/nameref.sty
Package: nameref 2010/04/30 v2.40 Cross-referencing by name of section

(/usr/local/texlive/2011/texmf-dist/tex/generic/oberdiek/gettitlestring.sty
Package: gettitlestring 2010/12/03 v1.4 Cleanup title references (HO)
)
\c@section@level=\count159
)
LaTeX Info: Redefining \ref on input line 131.
LaTeX Info: Redefining \pageref on input line 131.
LaTeX Info: Redefining \nameref on input line 131.

(./RapportM2.out) (./RapportM2.out)
\@outlinefile=\write5
\openout5 = `RapportM2.out'.


<LOGO-LIFC.pdf, id=320, 64.24pt x 65.24374pt>
File: LOGO-LIFC.pdf Graphic file (type pdf)
 <use LOGO-LIFC.pdf>
Package pdftex.def Info: LOGO-LIFC.pdf used on input line 139.
(pdftex.def)             Requested size: 113.81102pt x 115.59888pt.

(/usr/local/texlive/2011/texmf-dist/tex/latex/amsfonts/umsa.fd)
(/usr/local/texlive/2011/texmf-dist/tex/latex/amsfonts/umsb.fd)
(/usr/local/texlive/2011/texmf-dist/tex/latex/wasysym/uwasy.fd) [1

{/usr/local/texlive/2011/texmf-var/fonts/map/pdftex/updmap/pdftex.map} <./LOGO-
LIFC.pdf>]
[2

] [3

] [4

]
Package minitoc Info: I0024
(minitoc)             PREPARING MINITOCS FROM RapportM2.toc on input line 185.
Package minitoc Info: I0033
(minitoc)             Writing RapportM2.mtc1.
\openout4 = `RapportM2.mtc1'.

Package minitoc Info: I0033
(minitoc)             Writing RapportM2.mtc2.
\openout4 = `RapportM2.mtc2'.

Package minitoc Info: I0033
(minitoc)             Writing RapportM2.mtc3.
\openout4 = `RapportM2.mtc3'.

Package minitoc Info: I0033
(minitoc)             Writing RapportM2.mtc4.
\openout4 = `RapportM2.mtc4'.

Package minitoc Info: I0033
(minitoc)             Writing RapportM2.mtc5.
\openout4 = `RapportM2.mtc5'.

Package minitoc Info: I0033
(minitoc)             Writing RapportM2.mtc6.
\openout4 = `RapportM2.mtc6'.

Package minitoc Info: I0033
(minitoc)             Writing RapportM2.mtc7.
\openout4 = `RapportM2.mtc7'.

Package minitoc Info: I0033
(minitoc)             Writing RapportM2.mtc8.
\openout4 = `RapportM2.mtc8'.

Package minitoc Info: I0033
(minitoc)             Writing RapportM2.mtc9.
\openout4 = `RapportM2.mtc9'.

Package minitoc Info: I0033
(minitoc)             Writing RapportM2.mtc10.
\openout4 = `RapportM2.mtc10'.

Package minitoc Info: I0033
(minitoc)             Writing RapportM2.mtc11.
\openout4 = `RapportM2.mtc11'.

 (./RapportM2.toc
LaTeX Font Info:    Try loading font information for T1+cmtt on input line 44.

(/usr/local/texlive/2011/texmf-dist/tex/latex/base/t1cmtt.fd
File: t1cmtt.fd 1999/05/25 v2.5h Standard LaTeX font definitions
) [1

] [2])
\tf@toc=\write6
\openout6 = `RapportM2.toc'.

 [3]
\openout2 = `Partie1/part1.aux'.


(./Partie1/part1.texpdfTeX warning (ext4): destination with the same identifier
 (name{page.1}) has been already used, duplicate ignored
<to be read again> 
                   \relax 
l.15 \part{Contexte}
                     [1


]pdfTeX warning (ext4): destination with the same identifier (name{page.2}) has
 been already used, duplicate ignored
<to be read again> 
                   \relax 
l.15 \part{Contexte}
                     [2]
Chapitre 1.
pdfTeX warning (ext4): destination with the same identifier (name{page.3}) has 
been already used, duplicate ignored
<to be read again> 
                   \relax 
l.28 
      [3

]
Underfull \hbox (badness 10000) in paragraph at lines 36--37

 []

pdfTeX warning (ext4): destination with the same identifier (name{page.4}) has 
been already used, duplicate ignored
<to be read again> 
                   \relax 
l.39 \end{quote}
                 [4] [5] [6]
Chapitre 2.
\openout4 = `RapportM2.mtc'.

\openout4 = `RapportM2.mtc'.

(./RapportM2.mtc2) [7

]
<./Partie1/Chord_fig.pdf, id=504, 323.79129pt x 162.56744pt>
File: ./Partie1/Chord_fig.pdf Graphic file (type pdf)

<use ./Partie1/Chord_fig.pdf>
Package pdftex.def Info: ./Partie1/Chord_fig.pdf used on input line 101.
(pdftex.def)             Requested size: 323.7905pt x 162.56703pt.
 [8 <./Partie1/Chord_fig.pdf>] [9] [10]
<./Partie1/Gnutella.pdf, id=561, 246.32706pt x 199.30098pt>
File: ./Partie1/Gnutella.pdf Graphic file (type pdf)

<use ./Partie1/Gnutella.pdf>
Package pdftex.def Info: ./Partie1/Gnutella.pdf used on input line 178.
(pdftex.def)             Requested size: 270.96059pt x 219.23175pt.
 [11] [12 <./Partie1/Gnutella.pdf>] [13]
<./Partie1/Vue_logique1.pdf, id=645, 642.4pt x 344.28625pt>
File: ./Partie1/Vue_logique1.pdf Graphic file (type pdf)

<use ./Partie1/Vue_logique1.pdf>
Package pdftex.def Info: ./Partie1/Vue_logique1.pdf used on input line 237.
(pdftex.def)             Requested size: 284.52756pt x 152.4898pt.

<./Partie1/Vue_logique2.pdf, id=647, 671.50874pt x 372.39125pt>
File: ./Partie1/Vue_logique2.pdf Graphic file (type pdf)

<use ./Partie1/Vue_logique2.pdf>
Package pdftex.def Info: ./Partie1/Vue_logique2.pdf used on input line 247.
(pdftex.def)             Requested size: 284.52756pt x 157.78403pt.

<./Partie1/Vue_logique3.pdf, id=648, 698.61pt x 400.49625pt>
File: ./Partie1/Vue_logique3.pdf Graphic file (type pdf)

<use ./Partie1/Vue_logique3.pdf>
Package pdftex.def Info: ./Partie1/Vue_logique3.pdf used on input line 255.
(pdftex.def)             Requested size: 284.52756pt x 163.11064pt.

<./Partie1/Vue_logique4.pdf, id=651, 728.7225pt x 432.61626pt>
File: ./Partie1/Vue_logique4.pdf Graphic file (type pdf)

<use ./Partie1/Vue_logique4.pdf>
Package pdftex.def Info: ./Partie1/Vue_logique4.pdf used on input line 265.
(pdftex.def)             Requested size: 284.52756pt x 168.91109pt.
 [14 <./Partie1/Vue_logique1.pdf>] [15 <./Partie1/Vue_logique2.pdf> <./Partie1/
Vue_logique3.pdf> <./Partie1/Vue_logique4.pdf>] <./Partie1/Vue_connect2.pdf, id
=682, 671.50874pt x 372.39125pt>
File: ./Partie1/Vue_connect2.pdf Graphic file (type pdf)

<use ./Partie1/Vue_connect2.pdf>
Package pdftex.def Info: ./Partie1/Vue_connect2.pdf used on input line 295.
(pdftex.def)             Requested size: 284.52756pt x 157.78403pt.

<./Partie1/Vue_connect3.pdf, id=683, 712.6625pt x 400.49625pt>
File: ./Partie1/Vue_connect3.pdf Graphic file (type pdf)

<use ./Partie1/Vue_connect3.pdf>
Package pdftex.def Info: ./Partie1/Vue_connect3.pdf used on input line 303.
(pdftex.def)             Requested size: 284.52756pt x 159.89621pt.

<./Partie1/Vue_connect4.pdf, id=684, 737.75626pt x 445.665pt>
File: ./Partie1/Vue_connect4.pdf Graphic file (type pdf)

<use ./Partie1/Vue_connect4.pdf>
Package pdftex.def Info: ./Partie1/Vue_connect4.pdf used on input line 311.
(pdftex.def)             Requested size: 284.52756pt x 171.87737pt.
 [16 <./Partie1/Vue_connect2.pdf>] [17 <./Partie1/Vue_connect3.pdf> <./Partie1/
Vue_connect4.pdf>] [18]
<./Partie1/Simgrid.pdf, id=729, 528.97626pt x 281.05pt>
File: ./Partie1/Simgrid.pdf Graphic file (type pdf)

<use ./Partie1/Simgrid.pdf>
Package pdftex.def Info: ./Partie1/Simgrid.pdf used on input line 360.
(pdftex.def)             Requested size: 455.24408pt x 241.8741pt.
 [19 <./Partie1/Simgrid.pdf>]
Underfull \hbox (badness 10000) in paragraph at lines 384--385

 []

) [20]
\openout2 = `Partie2/part2.aux'.

 (./Partie2/part2.tex [21



] [22]
Chapitre 3.
\openout4 = `RapportM2.mtc'.

\openout4 = `RapportM2.mtc'.

(./RapportM2.mtc3) [23

]
Overfull \hbox (6.27509pt too wide) in paragraph at lines 46--48
\T1/cmtt/m/n/12 <route src="Gaston" dst="Marcel" symmetrical="NO"><link_-ctn id
="153"/> 
 []

[24]
Overfull \hbox (20.11484pt too wide) in paragraph at lines 60--60
[][]     \T1/cmtt/m/n/12 <argument value="1200"/>       <!-- time to sleep befo
re it starts -->[] 
 []

[25] [26]
<./Partie2/Exemple_scission_ajout.pdf, id=842, 350.30875pt x 361.35pt>
File: ./Partie2/Exemple_scission_ajout.pdf Graphic file (type pdf)

<use ./Partie2/Exemple_scission_ajout.pdf>
Package pdftex.def Info: ./Partie2/Exemple_scission_ajout.pdf used on input lin
e 127.
(pdftex.def)             Requested size: 312.9803pt x 322.86865pt.
Package hyperref Info: bookmark level for unknown algorithm defaults to 0 on in
put line 160.
 [27] [28 <./Partie2/Exemple_scission_ajout.pdf>]
Underfull \hbox (badness 10000) in paragraph at lines 203--204

 []

[29]
Underfull \hbox (badness 10000) in paragraph at lines 209--210

 []


Underfull \hbox (badness 10000) in paragraph at lines 213--214

 []

[30] [31] [32] [33] [34] [35] [36] [37] [38] [39] [40]
Overfull \hbox (2.30743pt too wide) in paragraph at lines 556--556
 []|\T1/cmr/m/n/12 Modif. 
 []

[41] [42] [43] [44] [45]
\c@partie=\count160


LaTeX Warning: `h' float specifier changed to `ht'.

[46] [47pdfTeX warning (ext4): destination with the same identifier (name{algor
ithm.4}) has been already used, duplicate ignored

\@EveryShipout@Output ...@Org@Shipout \box \@cclv 
                                                  
l.820 \end{algorithm}
                     ]pdfTeX warning (ext4): destination with the same identifi
er (name{algorithm.4}) has been already used, duplicate ignored
<to be read again> 
                   \relax 
l.852 \end{algorithm}
                     
Underfull \hbox (badness 10000) in paragraph at lines 868--870

 []

pdfTeX warning (ext4): destination with the same identifier (name{algorithm.4})
 has been already used, duplicate ignored
<to be read again> 
                   \relax 
l.895 \end{algorithm}
                     
Underfull \vbox (badness 10000) has occurred while \output is active []

 [48pdfTeX warning (ext4): destination with the same identifier (name{algorithm
.4}) has been already used, duplicate ignored

\@EveryShipout@Output ...@Org@Shipout \box \@cclv 
                                                  
l.896 
      ]pdfTeX warning (ext4): destination with the same identifier (name{algori
thm.4}) has been already used, duplicate ignored
<to be read again> 
                   \relax 
l.936 \end{algorithm}
                      [49]
Underfull \vbox (badness 7486) has occurred while \output is active []

 [50]
[51pdfTeX warning (ext4): destination with the same identifier (name{algorithm.
5}) has been already used, duplicate ignored

\@EveryShipout@Output ...@Org@Shipout \box \@cclv 
                                                  
l.1079 L
        e message re\c cu est une \tb{réponse.} (ligne \ref{a4:l11})]pdfTeX war
ning (ext4): destination with the same identifier (name{algorithm.5}) has been 
already used, duplicate ignored
<to be read again> 
                   \relax 
l.1099 \end{algorithm}
                      
Underfull \hbox (badness 10000) in paragraph at lines 1109--1110

 []

pdfTeX warning (ext4): destination with the same identifier (name{algorithm.5})
 has been already used, duplicate ignored
<to be read again> 
                   \relax 
l.1129 \end{algorithm}
                      pdfTeX warning (ext4): destination with the same identifi
er (name{algorithm.5}) has been already used, duplicate ignored
<to be read again> 
                   \relax 
l.1199 \end{algorithm}
                       [52] [53] [54

] [55] [56

]
Chapitre 4.

LaTeX Warning: No positions in optional float specifier.
               Default added (so using `tbp') on input line 1362.

<Partie2/Exemple_fusion.pdf, id=1147, 547.99524pt x 575.58649pt>
File: Partie2/Exemple_fusion.pdf Graphic file (type pdf)

<use Partie2/Exemple_fusion.pdf>
Package pdftex.def Info: Partie2/Exemple_fusion.pdf used on input line 1364.
(pdftex.def)             Requested size: 455.24408pt x 478.18459pt.
 [57] [58 <./Partie2/Exemple_fusion.pdf>]
[59] [60]
Underfull \hbox (badness 10000) in paragraph at lines 1428--1435

 []


Underfull \hbox (badness 10000) in paragraph at lines 1428--1435

 []


Underfull \hbox (badness 10000) in paragraph at lines 1436--1437

 []


Underfull \hbox (badness 10000) in paragraph at lines 1438--1445

 []

[61]) [62]
\openout2 = `Partie3/part3.aux'.

 (./Partie3/part3.tex [63



] [64]
Chapitre 5.
[65

]

LaTeX Warning: `h' float specifier changed to `ht'.

[66] [67] [68] <./Partie3/graph1.pdf, id=1280, 596.55943pt x 203.55579pt>
File: ./Partie3/graph1.pdf Graphic file (type pdf)

<use ./Partie3/graph1.pdf>
Package pdftex.def Info: ./Partie3/graph1.pdf used on input line 183.
(pdftex.def)             Requested size: 455.24408pt x 155.34071pt.

<./Partie3/graph2.pdf, id=1281, 559.61041pt x 206.91483pt>
File: ./Partie3/graph2.pdf Graphic file (type pdf)

<use ./Partie3/graph2.pdf>
Package pdftex.def Info: ./Partie3/graph2.pdf used on input line 191.
(pdftex.def)             Requested size: 455.24408pt x 168.3294pt.
 [69] [70 <./Partie3/graph1.pdf>] [71 <./Partie3/graph2.pdf>] [72

]
Chapitre 6.
(./RapportM2.bbl [73] [74

] [75])) [76]
\openout2 = `Annexes/Appendices.aux'.

 (./Annexes/Appendices.tex [77




] [78]
Annexe A.
\openout4 = `RapportM2.mtc'.

\openout4 = `RapportM2.mtc'.

(./RapportM2.mtc9)
<./Partie2/Exemple_scission.pdf, id=1396, 412.54124pt x 399.4925pt>
File: ./Partie2/Exemple_scission.pdf Graphic file (type pdf)

<use ./Partie2/Exemple_scission.pdf>
Package pdftex.def Info: ./Partie2/Exemple_scission.pdf used on input line 21.
(pdftex.def)             Requested size: 312.9803pt x 303.08711pt.
 [79

]
File: ./Partie2/Exemple_scission_ajout.pdf Graphic file (type pdf)

<use ./Partie2/Exemple_scission_ajout.pdf>
Package pdftex.def Info: ./Partie2/Exemple_scission_ajout.pdf used on input lin
e 39.
(pdftex.def)             Requested size: 312.9803pt x 322.86865pt.
 [80 <./Partie2/Exemple_scission.pdf>] [81]
LaTeX Font Info:    Font shape `T1/cmtt/bx/n' in size <14.4> not available
(Font)              Font shape `T1/cmtt/m/n' tried instead on input line 115.

Overfull \hbox (1.59436pt too wide) in paragraph at lines 144--144
[][]                                            \T1/cmtt/m/n/12 demander_connex
ion, moi.nom)[] 
 []

[82] [83]
Underfull \vbox (badness 5091) has occurred while \output is active []

 [84]
Overfull \hbox (23.22244pt too wide) in paragraph at lines 303--309
\T1/cmr/m/n/12 in-dique que la fonc-tion tra-vaille sur une co-pie de []\T1/cmt
t/m/n/12 moi.frères[0] \T1/cmr/m/n/12 plu-tôt que sur []\T1/cmtt/m/n/12 moi.frè
res[0]
 []

[85] [86] [87] [88]
Underfull \hbox (badness 10000) in paragraph at lines 479--484

 []


Underfull \hbox (badness 10000) in paragraph at lines 488--493

 []

[89] [90]
Overfull \hbox (13.94135pt too wide) in paragraph at lines 601--601
[][]                        \T1/cmtt/m/n/12 (étage+1, init_idx, init_rep, nouv_
idx, nouv_rep))[] 
 []


Overfull \hbox (20.81471pt too wide) in paragraph at lines 604--605
[]\T1/cmr/m/n/12 L'ensemble des pré-dé-ces-seurs de l'étage su-pé-rieur à ce-lu
i qui s'est scindé (\T1/cmtt/m/n/12 moi.pred[étage+1]\T1/cmr/m/n/12 )
 []

[91] [92

]
Annexe B.
\openout4 = `RapportM2.mtc'.

\openout4 = `RapportM2.mtc'.

(./RapportM2.mtc10) [93]

LaTeX Warning: No positions in optional float specifier.
               Default added (so using `tbp') on input line 635.

File: Partie2/Exemple_fusion.pdf Graphic file (type pdf)
<use Partie2/Exemple_fusion.pdf>
Package pdftex.def Info: Partie2/Exemple_fusion.pdf used on input line 637.
(pdftex.def)             Requested size: 455.24408pt x 478.18459pt.
 [94] [95] [96]
Overfull \hbox (26.28833pt too wide) in paragraph at lines 751--751
[][]   \T1/cmtt/m/n/12 tant que ((taille(moi.frères[étage]) <= a) && (étage < m
oi.hauteur - 1)):[] 
 []


Overfull \hbox (20.11484pt too wide) in paragraph at lines 755--755
[][]        \T1/cmtt/m/n/12 Retourne -1 si aucun groupe ne peut accueillir le g
roupe courant */[] 
 []

[97]
Underfull \vbox (badness 2781) has occurred while \output is active []

 [98]
[99]
Underfull \hbox (badness 10000) in paragraph at lines 842--843

 []


Overfull \hbox (1.59436pt too wide) in paragraph at lines 846--846
[][]     \T1/cmtt/m/n/12 moi.diffuser(moi, moi.hauteur - 1, supprimer_racine, (
moi.hauteur))[] 
 []


Overfull \hbox (20.11484pt too wide) in paragraph at lines 862--862
[][]   \T1/cmtt/m/n/12 tant que ((fusion == 0) && (idx_frère < taille(moi.frère
s[étage + 1]))):[] 
 []


Overfull \hbox (13.94135pt too wide) in paragraph at lines 866--866
[][]                                     \T1/cmtt/m/n/12 moi.frères[étage + 1][
idx_frère].nom,[] 
 []

[100] [101] [102]
Overfull \hbox (38.63531pt too wide) in paragraph at lines 952--952
[][]           \T1/cmtt/m/n/12 loc_liste_frères[i - (nb_frères - loc_nb_frères)
] = liste_frères[i][] 
 []

[103]
Underfull \hbox (badness 10000) in paragraph at lines 1010--1017

 []


Underfull \hbox (badness 10000) in paragraph at lines 1010--1017

 []


Underfull \hbox (badness 10000) in paragraph at lines 1018--1019

 []


Underfull \hbox (badness 10000) in paragraph at lines 1020--1027

 []

[104] [105] [106]
Annexe C.
[107

]) [108] AED: lastpage setting LastPage 
Package minitoc Info: I0009
(minitoc)             Listing minitoc auxiliary files. 
(minitoc)             Creating the RapportM2.maf file.
\openout4 = `RapportM2.maf'.

Package minitoc(hints) Info: I0053
(minitoc(hints))             You have loaded the float package; 
(minitoc(hints))             please be aware that the minitoc package 
(minitoc(hints))             facilities can not be used for new types 
(minitoc(hints))             of floats defined by the float package.

Package minitoc(hints) Warning: W0024
(minitoc(hints))                Some hints have been written 
(minitoc(hints))                in the RapportM2.log file.

Package atveryend Info: Empty hook `BeforeClearDocument' on input line 192.
[109


]
Package atveryend Info: Empty hook `AfterLastShipout' on input line 192.
 (./RapportM2.aux (./Partie1/part1.aux) (./Partie2/part2.aux)
(./Partie3/part3.aux) (./Annexes/Appendices.aux))
Package atveryend Info: Executing hook `AtVeryEndDocument' on input line 192.
Package atveryend Info: Executing hook `AtEndAfterFileList' on input line 192.
Package rerunfilecheck Info: File `RapportM2.out' has not changed.
(rerunfilecheck)             Checksum: 044C665AF14752BFCFACC3C0C1CD0736;6100.
Package atveryend Info: Empty hook `AtVeryVeryEnd' on input line 192.
 ) 
Here is how much of TeX's memory you used:
 19193 strings out of 493633
 323863 string characters out of 3143378
 423185 words of memory out of 3000000
 21459 multiletter control sequences out of 15000+200000
 30854 words of font info for 88 fonts, out of 3000000 for 9000
 831 hyphenation exceptions out of 8191
 56i,13n,70p,1185b,651s stack positions out of 5000i,500n,10000p,200000b,50000s
{/usr/local/texlive/2011/texmf-dist/fonts/enc/dvips/cm-super/cm-super-t1.enc}
{/usr/local/texlive/2011/texmf-dist/fonts/enc/dvips/cm-super/cm-super-ts1.enc}<
/usr/local/texlive/2011/texmf-dist/fonts/type1/public/amsfonts/cm/cmmi10.pfb></
usr/local/texlive/2011/texmf-dist/fonts/type1/public/amsfonts/cm/cmmi12.pfb></u
sr/local/texlive/2011/texmf-dist/fonts/type1/public/amsfonts/cm/cmmi7.pfb></usr
/local/texlive/2011/texmf-dist/fonts/type1/public/amsfonts/cm/cmmi8.pfb></usr/l
ocal/texlive/2011/texmf-dist/fonts/type1/public/amsfonts/cm/cmr10.pfb></usr/loc
al/texlive/2011/texmf-dist/fonts/type1/public/amsfonts/cm/cmr12.pfb></usr/local
/texlive/2011/texmf-dist/fonts/type1/public/amsfonts/cm/cmr7.pfb></usr/local/te
xlive/2011/texmf-dist/fonts/type1/public/amsfonts/cm/cmr8.pfb></usr/local/texli
ve/2011/texmf-dist/fonts/type1/public/amsfonts/cm/cmsy10.pfb></usr/local/texliv
e/2011/texmf-dist/fonts/type1/public/amsfonts/cm/cmsy7.pfb></usr/local/texlive/
2011/texmf-dist/fonts/type1/public/amsfonts/cm/cmsy8.pfb></usr/local/texlive/20
11/texmf-dist/fonts/type1/public/amsfonts/cm/cmtt12.pfb></usr/local/texlive/201
1/texmf-dist/fonts/type1/public/cm-super/sfbx1095.pfb></usr/local/texlive/2011/
texmf-dist/fonts/type1/public/cm-super/sfbx1200.pfb></usr/local/texlive/2011/te
xmf-dist/fonts/type1/public/cm-super/sfbx1440.pfb></usr/local/texlive/2011/texm
f-dist/fonts/type1/public/cm-super/sfbx1728.pfb></usr/local/texlive/2011/texmf-
dist/fonts/type1/public/cm-super/sfbx2488.pfb></usr/local/texlive/2011/texmf-di
st/fonts/type1/public/cm-super/sfcc1200.pfb></usr/local/texlive/2011/texmf-dist
/fonts/type1/public/cm-super/sfcc1728.pfb></usr/local/texlive/2011/texmf-dist/f
onts/type1/public/cm-super/sfrm0800.pfb></usr/local/texlive/2011/texmf-dist/fon
ts/type1/public/cm-super/sfrm1000.pfb></usr/local/texlive/2011/texmf-dist/fonts
/type1/public/cm-super/sfrm1095.pfb></usr/local/texlive/2011/texmf-dist/fonts/t
ype1/public/cm-super/sfrm1200.pfb></usr/local/texlive/2011/texmf-dist/fonts/typ
e1/public/cm-super/sfsl1200.pfb></usr/local/texlive/2011/texmf-dist/fonts/type1
/public/cm-super/sfst1200.pfb></usr/local/texlive/2011/texmf-dist/fonts/type1/p
ublic/cm-super/sfti1000.pfb></usr/local/texlive/2011/texmf-dist/fonts/type1/pub
lic/cm-super/sfti1095.pfb></usr/local/texlive/2011/texmf-dist/fonts/type1/publi
c/cm-super/sfti1200.pfb></usr/local/texlive/2011/texmf-dist/fonts/type1/public/
cm-super/sftt1000.pfb></usr/local/texlive/2011/texmf-dist/fonts/type1/public/cm
-super/sftt1095.pfb></usr/local/texlive/2011/texmf-dist/fonts/type1/public/cm-s
uper/sftt1200.pfb></usr/local/texlive/2011/texmf-dist/fonts/type1/public/cm-sup
er/sftt1440.pfb></usr/local/texlive/2011/texmf-dist/fonts/type1/urw/zapfding/uz
dr.pfb></usr/local/texlive/2011/texmf-dist/fonts/type1/public/wasy/wasy10.pfb>
Output written on RapportM2.pdf (116 pages, 1237922 bytes).
PDF statistics:
 1787 PDF objects out of 2073 (max. 8388607)
 1544 compressed objects within 16 object streams
 337 named destinations out of 1000 (max. 500000)
 717 words of extra memory for PDF output out of 10000 (max. 10000000)

