\BOOKMARK [-1][]{part.1}{I Contexte}{}% 1
\BOOKMARK [0][]{chapter.1}{Pr\351ambule}{part.1}% 2
\BOOKMARK [1][]{section.1.1}{Introduction}{chapter.1}% 3
\BOOKMARK [1][]{section.1.2}{Pr\351sentation du probl\350me}{chapter.1}% 4
\BOOKMARK [0][]{chapter.2}{\311tat de l'art}{part.1}% 5
\BOOKMARK [1][]{section.2.1}{Autres travaux}{chapter.2}% 6
\BOOKMARK [2][]{subsection.2.1.1}{Un exemple de syst\350me structur\351: Chord}{section.2.1}% 7
\BOOKMARK [2][]{subsection.2.1.2}{Un exemple de syst\350me non structur\351 : Gnutella}{section.2.1}% 8
\BOOKMARK [1][]{section.2.2}{Pr\351sentation du DST}{chapter.2}% 9
\BOOKMARK [2][]{subsection.2.2.1}{Les trois niveaux de description du DST}{section.2.2}% 10
\BOOKMARK [1][]{section.2.3}{Le simulateur Simgrid}{chapter.2}% 11
\BOOKMARK [2][]{subsection.2.3.1}{Pourquoi Simgrid}{section.2.3}% 12
\BOOKMARK [2][]{subsection.2.3.2}{Pr\351sentation de Simgrid}{section.2.3}% 13
\BOOKMARK [-1][]{part.2}{II R\351alisations}{}% 14
\BOOKMARK [0][]{chapter.3}{Ajout de nouveaux sommets \340 un DST}{part.2}% 15
\BOOKMARK [1][]{section.3.1}{Mise en \234uvre dans Simgrid}{chapter.3}% 16
\BOOKMARK [2][]{subsection.3.1.1}{Quelques notions de base au sujet de Simgrid et MSG}{section.3.1}% 17
\BOOKMARK [1][]{section.3.2}{Expos\351 du probl\350me}{chapter.3}% 18
\BOOKMARK [1][]{section.3.3}{D\351roulement des op\351rations}{chapter.3}% 19
\BOOKMARK [1][]{section.3.4}{La gestion des synchronisations}{chapter.3}% 20
\BOOKMARK [1][]{section.3.5}{Gestion des messages re\347us pendant l'attente}{chapter.3}% 21
\BOOKMARK [2][]{subsection.3.5.1}{Le message re\347u pendant l'attente est une r\351ponse}{section.3.5}% 22
\BOOKMARK [2][]{subsection.3.5.2}{Le message re\347u pendant l'attente est une requ\352te}{section.3.5}% 23
\BOOKMARK [1][]{section.3.6}{Gestion des requ\352tes non autoris\351es}{chapter.3}% 24
\BOOKMARK [2][]{subsection.3.6.1}{Les codes \351tat}{section.3.6}% 25
\BOOKMARK [2][]{subsection.3.6.2}{La gestion de l'\351tat 'u'}{section.3.6}% 26
\BOOKMARK [2][]{subsection.3.6.3}{Les r\350gles de changement d'\351tat}{section.3.6}% 27
\BOOKMARK [2][]{subsection.3.6.4}{Les r\350gles d'autorisation des requ\352tes}{section.3.6}% 28
\BOOKMARK [1][]{section.3.7}{Solutions propos\351es}{chapter.3}% 29
\BOOKMARK [2][]{subsection.3.7.1}{Requ\352tes crois\351es et en cascade}{section.3.7}% 30
\BOOKMARK [2][]{subsection.3.7.2}{Requ\352tes non autoris\351es}{section.3.7}% 31
\BOOKMARK [1][]{section.3.8}{Algorithmes des fonctions de synchronisation}{chapter.3}% 32
\BOOKMARK [2][]{subsection.3.8.1}{Fonction send\137msg\137sync}{section.3.8}% 33
\BOOKMARK [2][]{subsection.3.8.2}{Fonction attente\137terminaison}{section.3.8}% 34
\BOOKMARK [0][]{chapter.4}{Retrait de sommets d'un DST}{part.2}% 35
\BOOKMARK [1][]{section.4.1}{Introduction}{chapter.4}% 36
\BOOKMARK [1][]{section.4.2}{Conception des algorithmes}{chapter.4}% 37
\BOOKMARK [2][]{subsection.4.2.1}{Fonction quitte}{section.4.2}% 38
\BOOKMARK [2][]{subsection.4.2.2}{Fonction remplace\137fr\350re}{section.4.2}% 39
\BOOKMARK [2][]{subsection.4.2.3}{Fonction demande\137fusion}{section.4.2}% 40
\BOOKMARK [2][]{subsection.4.2.4}{Fonction fusion\137ou\137transfert}{section.4.2}% 41
\BOOKMARK [2][]{subsection.4.2.5}{Fonction fusion}{section.4.2}% 42
\BOOKMARK [2][]{subsection.4.2.6}{Fonction nettoie\137\351tage\137sup}{section.4.2}% 43
\BOOKMARK [2][]{subsection.4.2.7}{Fonction diffuse\137fusion}{section.4.2}% 44
\BOOKMARK [2][]{subsection.4.2.8}{Fonction supprimer\137racine}{section.4.2}% 45
\BOOKMARK [1][]{section.4.3}{\311tude des probl\350mes de synchronisation}{chapter.4}% 46
\BOOKMARK [-1][]{part.3}{III Perspectives}{}% 47
\BOOKMARK [0][]{chapter.5}{Synth\350se}{part.3}% 48
\BOOKMARK [1][]{section.5.1}{Observations}{chapter.5}% 49
\BOOKMARK [1][]{section.5.2}{Suite des travaux}{chapter.5}% 50
\BOOKMARK [2][]{subsection.5.2.1}{Concernant le DST lui-m\352me}{section.5.2}% 51
\BOOKMARK [2][]{subsection.5.2.2}{Utilisation du DST}{section.5.2}% 52
\BOOKMARK [0][]{chapter.6}{Conclusion}{part.3}% 53
\BOOKMARK [0][]{chapter*.34}{Bibliographie}{part.3}% 54
\BOOKMARK [0][]{section*.35}{Annexes}{part.3}% 55
\BOOKMARK [0][]{Annexe.a.A}{Gestion des ajouts de sommets \340 un DST}{part.3}% 56
\BOOKMARK [1][]{section.a.A.1}{Donn\351es enregistr\351es sur chaque sommet}{Annexe.a.A}% 57
\BOOKMARK [1][]{section.a.A.2}{Fonctions g\351rant la construction d'un DST}{Annexe.a.A}% 58
\BOOKMARK [2][]{subsection.a.A.2.1}{Fonction init d'initialisation d'un sommet}{section.a.A.2}% 59
\BOOKMARK [2][]{subsection.a.A.2.2}{Fonction joindre}{section.a.A.2}% 60
\BOOKMARK [2][]{subsection.a.A.2.3}{Fonction demander\137nouveau\137rep}{section.a.A.2}% 61
\BOOKMARK [2][]{subsection.a.A.2.4}{Fonction demander\137connexion}{section.a.A.2}% 62
\BOOKMARK [2][]{subsection.a.A.2.5}{Fonction nouveau\137fr\350re\137re\347u}{section.a.A.2}% 63
\BOOKMARK [2][]{subsection.a.A.2.6}{Fonction demander\137scission}{section.a.A.2}% 64
\BOOKMARK [2][]{subsection.a.A.2.7}{Fonction ajouter\137\351tage}{section.a.A.2}% 65
\BOOKMARK [2][]{subsection.a.A.2.8}{Fonction connecter\137les\137groupes\137scind\351s}{section.a.A.2}% 66
\BOOKMARK [2][]{subsection.a.A.2.9}{Fonction scission}{section.a.A.2}% 67
\BOOKMARK [0][]{Annexe.a.B}{Gestion des retraits de sommets du DST}{part.3}% 68
\BOOKMARK [1][]{section.a.B.1}{Fonctions g\351rant le d\351part d'un sommet}{Annexe.a.B}% 69
\BOOKMARK [2][]{subsection.a.B.1.1}{Fonction quitte}{section.a.B.1}% 70
\BOOKMARK [2][]{subsection.a.B.1.2}{Fonction remplace\137fr\350re}{section.a.B.1}% 71
\BOOKMARK [2][]{subsection.a.B.1.3}{Fonction demande\137fusion}{section.a.B.1}% 72
\BOOKMARK [2][]{subsection.a.B.1.4}{Fonction fusion\137ou\137transfert}{section.a.B.1}% 73
\BOOKMARK [2][]{subsection.a.B.1.5}{Fonction fusion}{section.a.B.1}% 74
\BOOKMARK [2][]{subsection.a.B.1.6}{Fonction nettoie\137\351tage\137sup}{section.a.B.1}% 75
\BOOKMARK [2][]{subsection.a.B.1.7}{Fonction diffuse\137fusion}{section.a.B.1}% 76
\BOOKMARK [2][]{subsection.a.B.1.8}{Fonction supprimer\137racine}{section.a.B.1}% 77
\BOOKMARK [0][]{Annexe.a.C}{Reste \340 faire \(code\)}{part.3}% 78
